This is cutadapt 2.5 with Python 3.5.2
Command line parameters: -j 4 -q 25 -a CTGTAGGCACCATCAAT -m 25 --discard-untrimmed -o RPF_KO_Rep1_clpd.fastq.gz RPF_KO_Rep1.fastq.gz
Processing reads on 4 cores in single-end mode ...
Finished in 613.19 s (20 us/read; 2.99 M reads/minute).

=== Summary ===

Total reads processed:              30,584,224
Reads with adapters:                29,866,019 (97.7%)
Reads that were too short:           5,207,405 (17.0%)
Reads written (passing filters):    24,701,707 (80.8%)

Total basepairs processed: 2,293,816,800 bp
Quality-trimmed:              36,002,818 bp (1.6%)
Total written (filtered):    858,244,238 bp (37.4%)

=== Adapter 1 ===

Sequence: CTGTAGGCACCATCAAT; Type: regular 3'; Length: 17; Trimmed: 29866019 times.

No. of allowed errors:
0-9 bp: 0; 10-17 bp: 1

Bases preceding removed adapters:
  A: 27.6%
  C: 37.1%
  G: 3.0%
  T: 32.1%
  none/other: 0.2%

Overview of removed sequences
length	count	expect	max.err	error counts
3	22578	477878.5	0	22578
4	1197	119469.6	0	1197
5	1476	29867.4	0	1476
6	1226	7466.9	0	1226
7	1812	1866.7	0	1812
8	1716	466.7	0	1716
9	742	116.7	0	721 21
10	2509	29.2	1	2182 327
11	2989	7.3	1	2414 575
12	3262	1.8	1	2584 678
13	860	0.5	1	693 167
14	526	0.1	1	383 143
15	3184	0.0	1	2669 515
16	1747	0.0	1	1363 384
17	1257	0.0	1	969 288
18	2010	0.0	1	1570 440
19	5107	0.0	1	3818 1289
20	3055	0.0	1	2279 776
21	1921	0.0	1	1459 462
22	1130	0.0	1	760 370
23	4993	0.0	1	3963 1030
24	1819	0.0	1	1408 411
25	4329	0.0	1	3786 543
26	7586	0.0	1	6121 1465
27	4078	0.0	1	3402 676
28	3217	0.0	1	2392 825
29	11102	0.0	1	9191 1911
30	18696	0.0	1	16674 2022
31	18041	0.0	1	14779 3262
32	103348	0.0	1	95813 7535
33	66844	0.0	1	58544 8300
34	136536	0.0	1	123427 13109
35	306224	0.0	1	284846 21378
36	316184	0.0	1	299044 17140
37	712503	0.0	1	665144 47359
38	1882675	0.0	1	1775802 106873
39	4619972	0.0	1	4375827 244145
40	6900582	0.0	1	6507721 392861
41	5496689	0.0	1	5183827 312862
42	1780712	0.0	1	1677203 103509
43	622723	0.0	1	586858 35865
44	392127	0.0	1	368169 23958
45	282983	0.0	1	266690 16293
46	461088	0.0	1	437821 23267
47	220489	0.0	1	208104 12385
48	158590	0.0	1	150633 7957
49	105463	0.0	1	100251 5212
50	44248	0.0	1	41345 2903
51	21402	0.0	1	19614 1788
52	21815	0.0	1	20247 1568
53	20033	0.0	1	17966 2067
54	24993	0.0	1	22410 2583
55	48278	0.0	1	43355 4923
56	86482	0.0	1	79159 7323
57	110670	0.0	1	99793 10877
58	207761	0.0	1	188711 19050
59	638519	0.0	1	613743 24776
60	139809	0.0	1	131727 8082
61	98059	0.0	1	92926 5133
62	32732	0.0	1	30284 2448
63	61501	0.0	1	57984 3517
64	50837	0.0	1	47718 3119
65	58134	0.0	1	51545 6589
66	188411	0.0	1	179815 8596
67	96796	0.0	1	92766 4030
68	27747	0.0	1	25204 2543
69	86057	0.0	1	73707 12350
70	1305868	0.0	1	1268731 37137
71	617020	0.0	1	594508 22512
72	122182	0.0	1	110388 11794
73	846670	0.0	1	778953 67717
74	175046	0.0	1	162693 12353
75	35052	0.0	1	14573 20479
This is cutadapt 2.5 with Python 3.5.2
Command line parameters: -j 4 -q 25 -a CTGTAGGCACCATCAAT -m 25 --discard-untrimmed -o RPF_KO_Rep2_clpd.fastq.gz RPF_KO_Rep2.fastq.gz
Processing reads on 4 cores in single-end mode ...
Finished in 740.84 s (21 us/read; 2.87 M reads/minute).

=== Summary ===

Total reads processed:              35,395,792
Reads with adapters:                34,988,155 (98.8%)
Reads that were too short:           4,284,014 (12.1%)
Reads written (passing filters):    30,759,205 (86.9%)

Total basepairs processed: 2,654,684,400 bp
Quality-trimmed:              15,129,376 bp (0.6%)
Total written (filtered):  1,060,811,920 bp (40.0%)

=== Adapter 1 ===

Sequence: CTGTAGGCACCATCAAT; Type: regular 3'; Length: 17; Trimmed: 34988155 times.

No. of allowed errors:
0-9 bp: 0; 10-17 bp: 1

Bases preceding removed adapters:
  A: 28.8%
  C: 36.3%
  G: 2.7%
  T: 32.2%
  none/other: 0.0%

Overview of removed sequences
length	count	expect	max.err	error counts
3	30695	553059.2	0	30695
4	1837	138264.8	0	1837
5	1957	34566.2	0	1957
6	1689	8641.6	0	1689
7	2851	2160.4	0	2851
8	2765	540.1	0	2765
9	1096	135.0	0	1063 33
10	3539	33.8	1	3002 537
11	4085	8.4	1	3274 811
12	4266	2.1	1	3348 918
13	1196	0.5	1	941 255
14	816	0.1	1	582 234
15	4590	0.0	1	3807 783
16	2292	0.0	1	1743 549
17	1706	0.0	1	1353 353
18	2559	0.0	1	2004 555
19	6153	0.0	1	4607 1546
20	3629	0.0	1	2647 982
21	2407	0.0	1	1836 571
22	1307	0.0	1	909 398
23	6413	0.0	1	5041 1372
24	2707	0.0	1	2072 635
25	5563	0.0	1	4846 717
26	9357	0.0	1	7491 1866
27	5758	0.0	1	4784 974
28	4386	0.0	1	3191 1195
29	16828	0.0	1	13938 2890
30	33821	0.0	1	30035 3786
31	30358	0.0	1	25576 4782
32	118015	0.0	1	108365 9650
33	89745	0.0	1	79129 10616
34	200191	0.0	1	180544 19647
35	507176	0.0	1	471798 35378
36	389319	0.0	1	367396 21923
37	608593	0.0	1	565354 43239
38	1756486	0.0	1	1653009 103477
39	4875748	0.0	1	4620881 254867
40	7907639	0.0	1	7463918 443721
41	7395123	0.0	1	6985626 409497
42	3147378	0.0	1	2971616 175762
43	1110441	0.0	1	1045593 64848
44	540094	0.0	1	506868 33226
45	532911	0.0	1	501680 31231
46	606204	0.0	1	574406 31798
47	435125	0.0	1	412864 22261
48	176037	0.0	1	166266 9771
49	128808	0.0	1	122592 6216
50	63718	0.0	1	60284 3434
51	28887	0.0	1	27256 1631
52	12269	0.0	1	11494 775
53	13982	0.0	1	12969 1013
54	12619	0.0	1	11487 1132
55	14786	0.0	1	13593 1193
56	8816	0.0	1	7694 1122
57	26559	0.0	1	24616 1943
58	15947	0.0	1	14665 1282
59	7498	0.0	1	6981 517
60	1666	0.0	1	1411 255
61	2934	0.0	1	2662 272
62	9367	0.0	1	8442 925
63	7641	0.0	1	7119 522
64	16813	0.0	1	16073 740
65	10364	0.0	1	9506 858
66	21632	0.0	1	20236 1396
67	23435	0.0	1	21935 1500
68	17814	0.0	1	16429 1385
69	29992	0.0	1	26803 3189
70	327734	0.0	1	313380 14354
71	1246647	0.0	1	1209283 37364
72	318438	0.0	1	293556 24882
73	1554009	0.0	1	1465626 88383
74	336827	0.0	1	311954 24873
75	136102	0.0	1	99549 36553
This is cutadapt 2.5 with Python 3.5.2
Command line parameters: -j 4 -q 25 -a CTGTAGGCACCATCAAT -m 25 --discard-untrimmed -o RPF_WT_Rep1_clpd.fastq.gz RPF_WT_Rep1.fastq.gz
Processing reads on 4 cores in single-end mode ...
Finished in 477.96 s (20 us/read; 3.08 M reads/minute).

=== Summary ===

Total reads processed:              24,510,554
Reads with adapters:                22,797,673 (93.0%)
Reads that were too short:           5,018,348 (20.5%)
Reads written (passing filters):    17,831,012 (72.7%)

Total basepairs processed: 1,838,291,550 bp
Quality-trimmed:              12,910,154 bp (0.7%)
Total written (filtered):    612,086,477 bp (33.3%)

=== Adapter 1 ===

Sequence: CTGTAGGCACCATCAAT; Type: regular 3'; Length: 17; Trimmed: 22797673 times.

No. of allowed errors:
0-9 bp: 0; 10-17 bp: 1

Bases preceding removed adapters:
  A: 28.9%
  C: 34.7%
  G: 3.3%
  T: 32.5%
  none/other: 0.6%

Overview of removed sequences
length	count	expect	max.err	error counts
3	32053	382977.4	0	32053
4	1058	95744.4	0	1058
5	1171	23936.1	0	1171
6	1166	5984.0	0	1166
7	1818	1496.0	0	1818
8	2083	374.0	0	2083
9	612	93.5	0	579 33
10	1984	23.4	1	1683 301
11	2032	5.8	1	1571 461
12	1097	1.5	1	878 219
13	724	0.4	1	586 138
14	656	0.1	1	472 184
15	1371	0.0	1	1082 289
16	1970	0.0	1	1456 514
17	1450	0.0	1	1077 373
18	3077	0.0	1	2345 732
19	2524	0.0	1	1948 576
20	3710	0.0	1	2760 950
21	3891	0.0	1	3001 890
22	3247	0.0	1	2499 748
23	2732	0.0	1	2158 574
24	5139	0.0	1	4297 842
25	6468	0.0	1	5583 885
26	7999	0.0	1	6529 1470
27	13468	0.0	1	11879 1589
28	11390	0.0	1	9400 1990
29	19492	0.0	1	16857 2635
30	42758	0.0	1	38794 3964
31	29321	0.0	1	24826 4495
32	123662	0.0	1	114805 8857
33	76000	0.0	1	67173 8827
34	129664	0.0	1	116976 12688
35	247828	0.0	1	228839 18989
36	202145	0.0	1	187187 14958
37	460127	0.0	1	428236 31891
38	1063689	0.0	1	988031 75658
39	2978087	0.0	1	2800468 177619
40	4171545	0.0	1	3894988 276557
41	3750679	0.0	1	3495053 255626
42	1717936	0.0	1	1607025 110911
43	653565	0.0	1	606968 46597
44	425073	0.0	1	394479 30594
45	352850	0.0	1	328096 24754
46	326027	0.0	1	303438 22589
47	374037	0.0	1	350174 23863
48	206338	0.0	1	193468 12870
49	239560	0.0	1	226183 13377
50	153426	0.0	1	143707 9719
51	82708	0.0	1	77611 5097
52	41316	0.0	1	38438 2878
53	27975	0.0	1	25925 2050
54	14824	0.0	1	13595 1229
55	12115	0.0	1	10835 1280
56	15686	0.0	1	13999 1687
57	24521	0.0	1	22794 1727
58	16259	0.0	1	14953 1306
59	6745	0.0	1	6222 523
60	1234	0.0	1	1050 184
61	3118	0.0	1	2809 309
62	7474	0.0	1	6877 597
63	9881	0.0	1	9186 695
64	22454	0.0	1	21276 1178
65	19297	0.0	1	17679 1618
66	37259	0.0	1	34598 2661
67	42196	0.0	1	39668 2528
68	34272	0.0	1	32117 2155
69	41682	0.0	1	38700 2982
70	320568	0.0	1	307351 13217
71	1356484	0.0	1	1311841 44643
72	525598	0.0	1	494726 30872
73	1573226	0.0	1	1478713 94513
74	335937	0.0	1	308982 26955
75	366145	0.0	1	315034 51111
This is cutadapt 2.5 with Python 3.5.2
Command line parameters: -j 4 -q 25 -a CTGTAGGCACCATCAAT -m 25 --discard-untrimmed -o RPF_WT_Rep2_clpd.fastq.gz RPF_WT_Rep2.fastq.gz
Processing reads on 4 cores in single-end mode ...
Finished in 603.98 s (21 us/read; 2.80 M reads/minute).

=== Summary ===

Total reads processed:              28,183,979
Reads with adapters:                27,812,936 (98.7%)
Reads that were too short:           2,223,265 (7.9%)
Reads written (passing filters):    25,645,675 (91.0%)

Total basepairs processed: 2,113,798,425 bp
Quality-trimmed:              26,776,206 bp (1.3%)
Total written (filtered):    887,080,326 bp (42.0%)

=== Adapter 1 ===

Sequence: CTGTAGGCACCATCAAT; Type: regular 3'; Length: 17; Trimmed: 27812936 times.

No. of allowed errors:
0-9 bp: 0; 10-17 bp: 1

Bases preceding removed adapters:
  A: 27.5%
  C: 39.7%
  G: 2.1%
  T: 30.4%
  none/other: 0.3%

Overview of removed sequences
length	count	expect	max.err	error counts
3	16263	440374.7	0	16263
4	1242	110093.7	0	1242
5	1399	27523.4	0	1399
6	1424	6880.9	0	1424
7	2065	1720.2	0	2065
8	1961	430.1	0	1961
9	689	107.5	0	677 12
10	2266	26.9	1	1952 314
11	2248	6.7	1	1772 476
12	1313	1.7	1	1053 260
13	780	0.4	1	624 156
14	731	0.1	1	568 163
15	1601	0.0	1	1284 317
16	2413	0.0	1	1869 544
17	1619	0.0	1	1232 387
18	3649	0.0	1	2802 847
19	2766	0.0	1	2150 616
20	4693	0.0	1	3571 1122
21	4545	0.0	1	3526 1019
22	3626	0.0	1	2812 814
23	2294	0.0	1	1808 486
24	3953	0.0	1	3158 795
25	5707	0.0	1	4831 876
26	7326	0.0	1	5768 1558
27	7657	0.0	1	6331 1326
28	9544	0.0	1	7620 1924
29	11976	0.0	1	10050 1926
30	28125	0.0	1	25049 3076
31	22313	0.0	1	19095 3218
32	107491	0.0	1	100022 7469
33	83235	0.0	1	74991 8244
34	157099	0.0	1	143512 13587
35	325107	0.0	1	304715 20392
36	249960	0.0	1	234565 15395
37	721356	0.0	1	683351 38005
38	1667529	0.0	1	1581319 86210
39	4723677	0.0	1	4514819 208858
40	6638931	0.0	1	6318441 320490
41	5870308	0.0	1	5581316 288992
42	2486440	0.0	1	2370482 115958
43	727531	0.0	1	689292 38239
44	377986	0.0	1	357774 20212
45	374057	0.0	1	354309 19748
46	376476	0.0	1	358498 17978
47	311159	0.0	1	297688 13471
48	149429	0.0	1	143215 6214
49	115696	0.0	1	111042 4654
50	48418	0.0	1	45924 2494
51	21723	0.0	1	20531 1192
52	11382	0.0	1	10375 1007
53	16498	0.0	1	15262 1236
54	11363	0.0	1	10272 1091
55	13131	0.0	1	11110 2021
56	52898	0.0	1	45319 7579
57	240900	0.0	1	228615 12285
58	176476	0.0	1	164501 11975
59	285047	0.0	1	274721 10326
60	72237	0.0	1	69484 2753
61	13244	0.0	1	12517 727
62	6714	0.0	1	6237 477
63	18579	0.0	1	17811 768
64	13212	0.0	1	12628 584
65	9090	0.0	1	8347 743
66	35144	0.0	1	33646 1498
67	39538	0.0	1	38212 1326
68	9492	0.0	1	8539 953
69	55295	0.0	1	51173 4122
70	356231	0.0	1	345587 10644
71	251792	0.0	1	242989 8803
72	95569	0.0	1	90725 4844
73	239876	0.0	1	217498 22378
74	85567	0.0	1	78648 6919
75	13865	0.0	1	7651 6214
This is cutadapt 2.5 with Python 3.5.2
Command line parameters: -j 4 -q 25 -u -4 -m 25 --discard-untrimmed -o RPF_KO_Rep1_clpd_tr.fastq.gz RPF_KO_Rep1_clpd.fastq.gz
Processing reads on 4 cores in single-end mode ...
Finished in 130.58 s (5 us/read; 11.35 M reads/minute).

=== Summary ===

Total reads processed:              24,701,707
Reads with adapters:                         0 (0.0%)
Reads that were too short:             584,579 (2.4%)
Reads written (passing filters):             0 (0.0%)

Total basepairs processed:   858,244,238 bp
Quality-trimmed:               1,336,970 bp (0.2%)
Total written (filtered):              0 bp (0.0%)
This is cutadapt 2.5 with Python 3.5.2
Command line parameters: -j 4 -q 25 -u -4 -m 25 --discard-untrimmed -o RPF_KO_Rep2_clpd_tr.fastq.gz RPF_KO_Rep2_clpd.fastq.gz
Processing reads on 4 cores in single-end mode ...
Finished in 160.07 s (5 us/read; 11.53 M reads/minute).

=== Summary ===

Total reads processed:              30,759,205
Reads with adapters:                         0 (0.0%)
Reads that were too short:             912,127 (3.0%)
Reads written (passing filters):             0 (0.0%)

Total basepairs processed: 1,060,811,920 bp
Quality-trimmed:               1,845,544 bp (0.2%)
Total written (filtered):              0 bp (0.0%)
This is cutadapt 2.5 with Python 3.5.2
Command line parameters: -j 4 -q 25 -u -4 -m 25 --discard-untrimmed -o RPF_WT_Rep1_clpd_tr.fastq.gz RPF_WT_Rep1_clpd.fastq.gz
Processing reads on 4 cores in single-end mode ...
Finished in 92.69 s (5 us/read; 11.54 M reads/minute).

=== Summary ===

Total reads processed:              17,831,012
Reads with adapters:                         0 (0.0%)
Reads that were too short:           1,069,320 (6.0%)
Reads written (passing filters):             0 (0.0%)

Total basepairs processed:   612,086,477 bp
Quality-trimmed:               1,219,927 bp (0.2%)
Total written (filtered):              0 bp (0.0%)
This is cutadapt 2.5 with Python 3.5.2
Command line parameters: -j 4 -q 25 -u -4 -m 25 --discard-untrimmed -o RPF_WT_Rep2_clpd_tr.fastq.gz RPF_WT_Rep2_clpd.fastq.gz
Processing reads on 4 cores in single-end mode ...
Finished in 133.34 s (5 us/read; 11.54 M reads/minute).

=== Summary ===

Total reads processed:              25,645,675
Reads with adapters:                         0 (0.0%)
Reads that were too short:             717,431 (2.8%)
Reads written (passing filters):             0 (0.0%)

Total basepairs processed:   887,080,326 bp
Quality-trimmed:               1,664,764 bp (0.2%)
Total written (filtered):              0 bp (0.0%)
